<?xml version="1.0" encoding="UTF-8"?>
<!-- Generated by org.testng.reporters.JUnitReportReporter -->
<testsuite hostname="luminartesting" failures="0" tests="1" name="ss1.New" time="0.012" errors="0" timestamp="2024-05-30T10:06:43 IST" skipped="0">
  <testcase classname="ss1.New" name="test1" time="0.012"/>
</testsuite> <!-- ss1.New -->
